<?xml version="1.0" encoding="UTF-8"?>
<testng-results ignored="0" total="1" passed="1" failed="0" skipped="0">
  <reporter-output>
  </reporter-output>
  <suite started-at="2023-09-04T11:39:58 IST" name="Default suite" finished-at="2023-09-04T11:39:58 IST" duration-ms="107">
    <groups>
    </groups>
    <test started-at="2023-09-04T11:39:58 IST" name="Default test" finished-at="2023-09-04T11:39:58 IST" duration-ms="107">
      <class name="day3">
        <test-method signature="thirdtest()[pri:0, instance:day3@1c5920df]" started-at="2023-09-04T11:39:58 IST" name="thirdtest" finished-at="2023-09-04T11:39:58 IST" duration-ms="20" status="PASS">
          <reporter-output>
          </reporter-output>
        </test-method> <!-- thirdtest -->
      </class> <!-- day3 -->
    </test> <!-- Default test -->
  </suite> <!-- Default suite -->
</testng-results>
